Determining if the pthread_create exist failed with the following output:
Change Dir: /home/jkleiber/robomagellan-2019/roma_ws/build/CMakeFiles/CMakeTmp

Run Build Command:"/usr/bin/make" "cmTC_0edcd/fast"
/usr/bin/make -f CMakeFiles/cmTC_0edcd.dir/build.make CMakeFiles/cmTC_0edcd.dir/build
make[1]: Entering directory '/home/jkleiber/robomagellan-2019/roma_ws/build/CMakeFiles/CMakeTmp'
Building C object CMakeFiles/cmTC_0edcd.dir/CheckSymbolExists.c.o
/usr/bin/cc     -o CMakeFiles/cmTC_0edcd.dir/CheckSymbolExists.c.o   -c /home/jkleiber/robomagellan-2019/roma_ws/build/CMakeFiles/CMakeTmp/CheckSymbolExists.c
Linking C executable cmTC_0edcd
/usr/bin/cmake -E cmake_link_script CMakeFiles/cmTC_0edcd.dir/link.txt --verbose=1
/usr/bin/cc       CMakeFiles/cmTC_0edcd.dir/CheckSymbolExists.c.o  -o cmTC_0edcd -rdynamic 
CMakeFiles/cmTC_0edcd.dir/CheckSymbolExists.c.o: In function `main':
CheckSymbolExists.c:(.text+0x16): undefined reference to `pthread_create'
collect2: error: ld returned 1 exit status
CMakeFiles/cmTC_0edcd.dir/build.make:97: recipe for target 'cmTC_0edcd' failed
make[1]: *** [cmTC_0edcd] Error 1
make[1]: Leaving directory '/home/jkleiber/robomagellan-2019/roma_ws/build/CMakeFiles/CMakeTmp'
Makefile:126: recipe for target 'cmTC_0edcd/fast' failed
make: *** [cmTC_0edcd/fast] Error 2

File /home/jkleiber/robomagellan-2019/roma_ws/build/CMakeFiles/CMakeTmp/CheckSymbolExists.c:
/* */
#include <pthread.h>

int main(int argc, char** argv)
{
  (void)argv;
#ifndef pthread_create
  return ((int*)(&pthread_create))[argc];
#else
  (void)argc;
  return 0;
#endif
}

Determining if the function pthread_create exists in the pthreads failed with the following output:
Change Dir: /home/jkleiber/robomagellan-2019/roma_ws/build/CMakeFiles/CMakeTmp

Run Build Command:"/usr/bin/make" "cmTC_21200/fast"
/usr/bin/make -f CMakeFiles/cmTC_21200.dir/build.make CMakeFiles/cmTC_21200.dir/build
make[1]: Entering directory '/home/jkleiber/robomagellan-2019/roma_ws/build/CMakeFiles/CMakeTmp'
Building C object CMakeFiles/cmTC_21200.dir/CheckFunctionExists.c.o
/usr/bin/cc    -DCHECK_FUNCTION_EXISTS=pthread_create   -o CMakeFiles/cmTC_21200.dir/CheckFunctionExists.c.o   -c /usr/share/cmake-3.5/Modules/CheckFunctionExists.c
Linking C executable cmTC_21200
/usr/bin/cmake -E cmake_link_script CMakeFiles/cmTC_21200.dir/link.txt --verbose=1
/usr/bin/cc   -DCHECK_FUNCTION_EXISTS=pthread_create    CMakeFiles/cmTC_21200.dir/CheckFunctionExists.c.o  -o cmTC_21200 -rdynamic -lpthreads 
/usr/bin/ld: cannot find -lpthreads
collect2: error: ld returned 1 exit status
CMakeFiles/cmTC_21200.dir/build.make:97: recipe for target 'cmTC_21200' failed
make[1]: *** [cmTC_21200] Error 1
make[1]: Leaving directory '/home/jkleiber/robomagellan-2019/roma_ws/build/CMakeFiles/CMakeTmp'
Makefile:126: recipe for target 'cmTC_21200/fast' failed
make: *** [cmTC_21200/fast] Error 2


